[0115/124334.368:ERROR:directory_reader_win.cc(43)] FindFirstFile: The system cannot find the path specified. (0x3)
[0115/125749.271:ERROR:directory_reader_win.cc(43)] FindFirstFile: The system cannot find the path specified. (0x3)
[0115/125906.622:ERROR:directory_reader_win.cc(43)] FindFirstFile: The system cannot find the path specified. (0x3)
[0115/224349.395:ERROR:process_reader_win.cc(123)] NtOpenThread: {Access Denied} A process has requested access to an object, but has not been granted those access rights. (0xc0000022)
[0115/224349.395:ERROR:exception_snapshot_win.cc(99)] thread ID 12324 not found in process
[0115/224349.446:ERROR:process_reader_win.cc(123)] NtOpenThread: {Access Denied} A process has requested access to an object, but has not been granted those access rights. (0xc0000022)
[0115/224349.447:ERROR:exception_snapshot_win.cc(99)] thread ID 8276 not found in process
[0116/105605.192:ERROR:directory_reader_win.cc(43)] FindFirstFile: The system cannot find the path specified. (0x3)
[0116/110717.944:ERROR:directory_reader_win.cc(43)] FindFirstFile: The system cannot find the path specified. (0x3)
[0116/110852.301:ERROR:directory_reader_win.cc(43)] FindFirstFile: The system cannot find the path specified. (0x3)
[0116/112112.594:ERROR:directory_reader_win.cc(43)] FindFirstFile: The system cannot find the path specified. (0x3)
[0116/112213.530:ERROR:directory_reader_win.cc(43)] FindFirstFile: The system cannot find the path specified. (0x3)
[0116/112431.247:ERROR:directory_reader_win.cc(43)] FindFirstFile: The system cannot find the path specified. (0x3)
[0116/112531.004:ERROR:directory_reader_win.cc(43)] FindFirstFile: The system cannot find the path specified. (0x3)
[0116/112717.224:ERROR:directory_reader_win.cc(43)] FindFirstFile: The system cannot find the path specified. (0x3)
[0116/131258.843:ERROR:directory_reader_win.cc(43)] FindFirstFile: The system cannot find the path specified. (0x3)
[0116/131547.405:ERROR:directory_reader_win.cc(43)] FindFirstFile: The system cannot find the path specified. (0x3)
[0116/131813.295:ERROR:directory_reader_win.cc(43)] FindFirstFile: The system cannot find the path specified. (0x3)
[0116/142719.046:ERROR:process_reader_win.cc(123)] NtOpenThread: {Access Denied} A process has requested access to an object, but has not been granted those access rights. (0xc0000022)
[0116/142719.060:ERROR:exception_snapshot_win.cc(99)] thread ID 5372 not found in process
[0116/142719.771:ERROR:process_reader_win.cc(123)] NtOpenThread: {Access Denied} A process has requested access to an object, but has not been granted those access rights. (0xc0000022)
[0116/142719.771:ERROR:exception_snapshot_win.cc(99)] thread ID 3688 not found in process
[0116/142720.089:ERROR:process_reader_win.cc(123)] NtOpenThread: {Access Denied} A process has requested access to an object, but has not been granted those access rights. (0xc0000022)
[0116/142720.089:ERROR:exception_snapshot_win.cc(99)] thread ID 5840 not found in process
[0116/142720.632:ERROR:process_reader_win.cc(123)] NtOpenThread: {Access Denied} A process has requested access to an object, but has not been granted those access rights. (0xc0000022)
[0116/142720.632:ERROR:exception_snapshot_win.cc(99)] thread ID 3324 not found in process
[0116/142721.050:ERROR:process_reader_win.cc(123)] NtOpenThread: {Access Denied} A process has requested access to an object, but has not been granted those access rights. (0xc0000022)
[0116/142721.050:ERROR:exception_snapshot_win.cc(99)] thread ID 11336 not found in process
[0116/142721.442:ERROR:process_reader_win.cc(123)] NtOpenThread: {Access Denied} A process has requested access to an object, but has not been granted those access rights. (0xc0000022)
[0116/142721.442:ERROR:exception_snapshot_win.cc(99)] thread ID 8884 not found in process
[0117/103210.460:ERROR:directory_reader_win.cc(43)] FindFirstFile: The system cannot find the path specified. (0x3)
[0117/103255.127:ERROR:directory_reader_win.cc(43)] FindFirstFile: The system cannot find the path specified. (0x3)
[0117/103454.062:ERROR:directory_reader_win.cc(43)] FindFirstFile: The system cannot find the path specified. (0x3)
[0117/103655.777:ERROR:directory_reader_win.cc(43)] FindFirstFile: The system cannot find the path specified. (0x3)
[0117/103718.632:ERROR:directory_reader_win.cc(43)] FindFirstFile: The system cannot find the path specified. (0x3)
[0117/104004.256:ERROR:directory_reader_win.cc(43)] FindFirstFile: The system cannot find the path specified. (0x3)
[0117/104102.009:ERROR:directory_reader_win.cc(43)] FindFirstFile: The system cannot find the path specified. (0x3)
[0117/104315.426:ERROR:directory_reader_win.cc(43)] FindFirstFile: The system cannot find the path specified. (0x3)
[0117/104441.536:ERROR:directory_reader_win.cc(43)] FindFirstFile: The system cannot find the path specified. (0x3)
[0117/104617.796:ERROR:directory_reader_win.cc(43)] FindFirstFile: The system cannot find the path specified. (0x3)
[0117/104850.838:ERROR:directory_reader_win.cc(43)] FindFirstFile: The system cannot find the path specified. (0x3)
[0117/104938.571:ERROR:directory_reader_win.cc(43)] FindFirstFile: The system cannot find the path specified. (0x3)
[0117/110526.014:ERROR:directory_reader_win.cc(43)] FindFirstFile: The system cannot find the path specified. (0x3)
[0117/110559.143:ERROR:directory_reader_win.cc(43)] FindFirstFile: The system cannot find the path specified. (0x3)
[0117/111029.559:ERROR:directory_reader_win.cc(43)] FindFirstFile: The system cannot find the path specified. (0x3)
[0117/111601.535:ERROR:directory_reader_win.cc(43)] FindFirstFile: The system cannot find the path specified. (0x3)
[0117/114136.891:ERROR:directory_reader_win.cc(43)] FindFirstFile: The system cannot find the path specified. (0x3)
[0117/114253.951:ERROR:directory_reader_win.cc(43)] FindFirstFile: The system cannot find the path specified. (0x3)
[0117/114418.300:ERROR:directory_reader_win.cc(43)] FindFirstFile: The system cannot find the path specified. (0x3)
[0117/114459.659:ERROR:directory_reader_win.cc(43)] FindFirstFile: The system cannot find the path specified. (0x3)
[0117/114553.786:ERROR:directory_reader_win.cc(43)] FindFirstFile: The system cannot find the path specified. (0x3)
[0117/114817.251:ERROR:directory_reader_win.cc(43)] FindFirstFile: The system cannot find the path specified. (0x3)
[0117/114929.208:ERROR:directory_reader_win.cc(43)] FindFirstFile: The system cannot find the path specified. (0x3)
[0117/115025.621:ERROR:directory_reader_win.cc(43)] FindFirstFile: The system cannot find the path specified. (0x3)
[0117/134630.748:ERROR:directory_reader_win.cc(43)] FindFirstFile: The system cannot find the path specified. (0x3)
[0118/212134.672:ERROR:process_reader_win.cc(123)] NtOpenThread: {Access Denied} A process has requested access to an object, but has not been granted those access rights. (0xc0000022)
[0118/212134.673:ERROR:exception_snapshot_win.cc(99)] thread ID 19236 not found in process
[0118/212134.678:ERROR:process_info.cc(329)] VirtualQueryEx: Access is denied. (0x5)
[0118/212134.679:ERROR:process_info.cc(556)] ReadMemoryInfo failed
[0118/212134.679:ERROR:process_memory_win.cc(39)] Failed to initialize ProcessInfo.
[0118/212134.679:ERROR:scoped_process_suspend.cc(40)] NtResumeProcess: An attempt was made to access an exiting process. (0xc000010a)
[0118/212208.102:ERROR:process_reader_win.cc(123)] NtOpenThread: {Access Denied} A process has requested access to an object, but has not been granted those access rights. (0xc0000022)
[0118/212208.102:ERROR:exception_snapshot_win.cc(99)] thread ID 20584 not found in process
[0118/212208.110:ERROR:process_info.cc(329)] VirtualQueryEx: Access is denied. (0x5)
[0118/212208.111:ERROR:process_info.cc(556)] ReadMemoryInfo failed
[0118/212208.111:ERROR:process_memory_win.cc(39)] Failed to initialize ProcessInfo.
[0118/212208.111:ERROR:scoped_process_suspend.cc(40)] NtResumeProcess: An attempt was made to access an exiting process. (0xc000010a)
[0118/212359.736:ERROR:process_reader_win.cc(123)] NtOpenThread: {Access Denied} A process has requested access to an object, but has not been granted those access rights. (0xc0000022)
[0118/212359.737:ERROR:exception_snapshot_win.cc(99)] thread ID 22860 not found in process
[0118/212359.795:ERROR:process_reader_win.cc(123)] NtOpenThread: {Access Denied} A process has requested access to an object, but has not been granted those access rights. (0xc0000022)
[0118/212359.795:ERROR:exception_snapshot_win.cc(99)] thread ID 6332 not found in process
[0118/212803.606:ERROR:process_reader_win.cc(123)] NtOpenThread: {Access Denied} A process has requested access to an object, but has not been granted those access rights. (0xc0000022)
[0118/212803.606:ERROR:exception_snapshot_win.cc(99)] thread ID 5240 not found in process
[0118/212803.621:ERROR:process_reader_win.cc(123)] NtOpenThread: {Access Denied} A process has requested access to an object, but has not been granted those access rights. (0xc0000022)
[0118/212803.621:ERROR:exception_snapshot_win.cc(99)] thread ID 2600 not found in process
[0118/212832.599:ERROR:process_reader_win.cc(123)] NtOpenThread: {Access Denied} A process has requested access to an object, but has not been granted those access rights. (0xc0000022)
[0118/212832.599:ERROR:exception_snapshot_win.cc(99)] thread ID 21124 not found in process
[0118/212832.620:ERROR:process_reader_win.cc(123)] NtOpenThread: {Access Denied} A process has requested access to an object, but has not been granted those access rights. (0xc0000022)
[0118/212832.620:ERROR:exception_snapshot_win.cc(99)] thread ID 8104 not found in process
[0118/212919.480:ERROR:process_reader_win.cc(151)] SuspendThread: Access is denied. (0x5)
[0118/212919.480:ERROR:process_reader_win.cc(151)] SuspendThread: Access is denied. (0x5)
[0118/212919.480:ERROR:process_reader_win.cc(123)] NtOpenThread: {Access Denied} A process has requested access to an object, but has not been granted those access rights. (0xc0000022)
[0118/212919.480:ERROR:exception_snapshot_win.cc(99)] thread ID 12664 not found in process
[0118/212919.543:ERROR:process_reader_win.cc(123)] NtOpenThread: {Access Denied} A process has requested access to an object, but has not been granted those access rights. (0xc0000022)
[0118/212919.543:ERROR:exception_snapshot_win.cc(99)] thread ID 2580 not found in process
[0118/213150.040:ERROR:process_reader_win.cc(123)] NtOpenThread: {Access Denied} A process has requested access to an object, but has not been granted those access rights. (0xc0000022)
[0118/213150.041:ERROR:exception_snapshot_win.cc(99)] thread ID 22412 not found in process
[0118/213150.054:ERROR:process_info.cc(329)] VirtualQueryEx: Access is denied. (0x5)
[0118/213150.054:ERROR:process_info.cc(556)] ReadMemoryInfo failed
[0118/213150.054:ERROR:scoped_process_suspend.cc(40)] NtResumeProcess: An attempt was made to access an exiting process. (0xc000010a)
[0118/213353.442:ERROR:process_reader_win.cc(123)] NtOpenThread: {Access Denied} A process has requested access to an object, but has not been granted those access rights. (0xc0000022)
[0118/213353.442:ERROR:exception_snapshot_win.cc(99)] thread ID 5412 not found in process
[0118/213353.452:ERROR:process_reader_win.cc(123)] NtOpenThread: {Access Denied} A process has requested access to an object, but has not been granted those access rights. (0xc0000022)
[0118/213353.452:ERROR:exception_snapshot_win.cc(99)] thread ID 14432 not found in process
[0118/213353.498:ERROR:process_reader_win.cc(123)] NtOpenThread: {Access Denied} A process has requested access to an object, but has not been granted those access rights. (0xc0000022)
[0118/213353.498:ERROR:exception_snapshot_win.cc(99)] thread ID 8060 not found in process
[0118/213409.163:ERROR:process_reader_win.cc(151)] SuspendThread: Access is denied. (0x5)
[0118/213409.163:ERROR:process_reader_win.cc(123)] NtOpenThread: {Access Denied} A process has requested access to an object, but has not been granted those access rights. (0xc0000022)
[0118/213409.163:ERROR:exception_snapshot_win.cc(99)] thread ID 8640 not found in process
[0118/213409.208:ERROR:process_reader_win.cc(151)] SuspendThread: Access is denied. (0x5)
[0118/213409.208:ERROR:process_reader_win.cc(151)] SuspendThread: Access is denied. (0x5)
[0118/213409.208:ERROR:process_reader_win.cc(151)] SuspendThread: Access is denied. (0x5)
[0118/213409.208:ERROR:process_reader_win.cc(151)] SuspendThread: Access is denied. (0x5)
[0118/213409.208:ERROR:process_reader_win.cc(123)] NtOpenThread: {Access Denied} A process has requested access to an object, but has not been granted those access rights. (0xc0000022)
[0118/213409.208:ERROR:exception_snapshot_win.cc(99)] thread ID 21496 not found in process
[0118/213409.218:ERROR:process_reader_win.cc(123)] NtOpenThread: {Access Denied} A process has requested access to an object, but has not been granted those access rights. (0xc0000022)
[0118/213409.219:ERROR:exception_snapshot_win.cc(99)] thread ID 9436 not found in process
[0118/213704.622:ERROR:process_reader_win.cc(151)] SuspendThread: Access is denied. (0x5)
[0118/213704.623:ERROR:process_reader_win.cc(151)] SuspendThread: Access is denied. (0x5)
[0118/213704.623:ERROR:process_reader_win.cc(123)] NtOpenThread: {Access Denied} A process has requested access to an object, but has not been granted those access rights. (0xc0000022)
[0118/213704.623:ERROR:exception_snapshot_win.cc(99)] thread ID 21008 not found in process
[0118/213704.633:ERROR:process_reader_win.cc(123)] NtOpenThread: {Access Denied} A process has requested access to an object, but has not been granted those access rights. (0xc0000022)
[0118/213704.633:ERROR:exception_snapshot_win.cc(99)] thread ID 7120 not found in process
[0118/213704.656:ERROR:process_reader_win.cc(123)] NtOpenThread: {Access Denied} A process has requested access to an object, but has not been granted those access rights. (0xc0000022)
[0118/213704.656:ERROR:exception_snapshot_win.cc(99)] thread ID 12144 not found in process
[0118/213941.918:ERROR:process_reader_win.cc(123)] NtOpenThread: {Access Denied} A process has requested access to an object, but has not been granted those access rights. (0xc0000022)
[0118/213941.919:ERROR:exception_snapshot_win.cc(99)] thread ID 10688 not found in process
[0118/213941.956:ERROR:process_reader_win.cc(123)] NtOpenThread: {Access Denied} A process has requested access to an object, but has not been granted those access rights. (0xc0000022)
[0118/213941.956:ERROR:exception_snapshot_win.cc(99)] thread ID 18564 not found in process
[0118/213942.018:ERROR:process_reader_win.cc(123)] NtOpenThread: {Access Denied} A process has requested access to an object, but has not been granted those access rights. (0xc0000022)
[0118/213942.018:ERROR:exception_snapshot_win.cc(99)] thread ID 16732 not found in process
[0118/222439.348:ERROR:process_reader_win.cc(123)] NtOpenThread: {Access Denied} A process has requested access to an object, but has not been granted those access rights. (0xc0000022)
[0118/222439.350:ERROR:exception_snapshot_win.cc(99)] thread ID 15496 not found in process
[0118/222439.408:ERROR:process_reader_win.cc(123)] NtOpenThread: {Access Denied} A process has requested access to an object, but has not been granted those access rights. (0xc0000022)
[0118/222439.408:ERROR:exception_snapshot_win.cc(99)] thread ID 1480 not found in process
[0118/222541.151:ERROR:process_reader_win.cc(123)] NtOpenThread: {Access Denied} A process has requested access to an object, but has not been granted those access rights. (0xc0000022)
[0118/222541.152:ERROR:exception_snapshot_win.cc(99)] thread ID 5320 not found in process
[0118/222541.199:ERROR:process_reader_win.cc(123)] NtOpenThread: {Access Denied} A process has requested access to an object, but has not been granted those access rights. (0xc0000022)
[0118/222541.199:ERROR:exception_snapshot_win.cc(99)] thread ID 2916 not found in process
[0118/222541.211:ERROR:process_info.cc(329)] VirtualQueryEx: Access is denied. (0x5)
[0118/222541.212:ERROR:process_info.cc(556)] ReadMemoryInfo failed
[0118/222541.212:ERROR:process_memory_win.cc(39)] Failed to initialize ProcessInfo.
[0118/222541.212:ERROR:scoped_process_suspend.cc(40)] NtResumeProcess: An attempt was made to access an exiting process. (0xc000010a)
[0118/230011.571:ERROR:process_reader_win.cc(123)] NtOpenThread: {Access Denied} A process has requested access to an object, but has not been granted those access rights. (0xc0000022)
[0118/230011.572:ERROR:exception_snapshot_win.cc(99)] thread ID 17308 not found in process
[0118/230011.583:ERROR:process_info.cc(329)] VirtualQueryEx: Access is denied. (0x5)
[0118/230011.584:ERROR:process_info.cc(556)] ReadMemoryInfo failed
[0118/230011.584:ERROR:process_memory_win.cc(39)] Failed to initialize ProcessInfo.
[0118/230011.584:ERROR:scoped_process_suspend.cc(40)] NtResumeProcess: An attempt was made to access an exiting process. (0xc000010a)
[0118/230536.529:ERROR:process_reader_win.cc(123)] NtOpenThread: {Access Denied} A process has requested access to an object, but has not been granted those access rights. (0xc0000022)
[0118/230536.529:ERROR:exception_snapshot_win.cc(99)] thread ID 21308 not found in process
[0118/230536.545:ERROR:process_reader_win.cc(123)] NtOpenThread: {Access Denied} A process has requested access to an object, but has not been granted those access rights. (0xc0000022)
[0118/230536.545:ERROR:exception_snapshot_win.cc(99)] thread ID 15580 not found in process
[0118/231821.731:ERROR:process_reader_win.cc(151)] SuspendThread: Access is denied. (0x5)
[0118/231821.732:ERROR:process_reader_win.cc(123)] NtOpenThread: {Access Denied} A process has requested access to an object, but has not been granted those access rights. (0xc0000022)
[0118/231821.733:ERROR:exception_snapshot_win.cc(99)] thread ID 23332 not found in process
[0118/231821.783:ERROR:process_reader_win.cc(123)] NtOpenThread: {Access Denied} A process has requested access to an object, but has not been granted those access rights. (0xc0000022)
[0118/231821.783:ERROR:exception_snapshot_win.cc(99)] thread ID 7736 not found in process
[0118/231821.784:ERROR:process_reader_win.cc(123)] NtOpenThread: {Access Denied} A process has requested access to an object, but has not been granted those access rights. (0xc0000022)
[0118/231821.784:ERROR:exception_snapshot_win.cc(99)] thread ID 10244 not found in process
[0118/232755.183:ERROR:process_reader_win.cc(123)] NtOpenThread: {Access Denied} A process has requested access to an object, but has not been granted those access rights. (0xc0000022)
[0118/232755.184:ERROR:exception_snapshot_win.cc(99)] thread ID 20024 not found in process
[0118/232755.204:ERROR:process_reader_win.cc(123)] NtOpenThread: {Access Denied} A process has requested access to an object, but has not been granted those access rights. (0xc0000022)
[0118/232755.204:ERROR:exception_snapshot_win.cc(99)] thread ID 17712 not found in process
[0118/232902.697:ERROR:process_reader_win.cc(123)] NtOpenThread: {Access Denied} A process has requested access to an object, but has not been granted those access rights. (0xc0000022)
[0118/232902.698:ERROR:exception_snapshot_win.cc(99)] thread ID 3860 not found in process
[0118/232902.704:ERROR:process_reader_win.cc(123)] NtOpenThread: {Access Denied} A process has requested access to an object, but has not been granted those access rights. (0xc0000022)
[0118/232902.704:ERROR:exception_snapshot_win.cc(99)] thread ID 23100 not found in process
[0119/111821.853:ERROR:process_reader_win.cc(123)] NtOpenThread: {Access Denied} A process has requested access to an object, but has not been granted those access rights. (0xc0000022)
[0119/111821.854:ERROR:exception_snapshot_win.cc(99)] thread ID 9236 not found in process
[0119/111821.866:ERROR:process_reader_win.cc(123)] NtOpenThread: {Access Denied} A process has requested access to an object, but has not been granted those access rights. (0xc0000022)
[0119/111821.866:ERROR:exception_snapshot_win.cc(99)] thread ID 15932 not found in process
[0119/111922.698:ERROR:process_reader_win.cc(123)] NtOpenThread: {Access Denied} A process has requested access to an object, but has not been granted those access rights. (0xc0000022)
[0119/111922.699:ERROR:exception_snapshot_win.cc(99)] thread ID 18296 not found in process
[0119/111922.758:ERROR:process_reader_win.cc(123)] NtOpenThread: {Access Denied} A process has requested access to an object, but has not been granted those access rights. (0xc0000022)
[0119/111922.760:ERROR:exception_snapshot_win.cc(99)] thread ID 18224 not found in process
[0119/112454.147:ERROR:process_reader_win.cc(123)] NtOpenThread: {Access Denied} A process has requested access to an object, but has not been granted those access rights. (0xc0000022)
[0119/112454.148:ERROR:exception_snapshot_win.cc(99)] thread ID 17196 not found in process
[0119/112454.159:ERROR:process_reader_win.cc(123)] NtOpenThread: {Access Denied} A process has requested access to an object, but has not been granted those access rights. (0xc0000022)
[0119/112454.159:ERROR:exception_snapshot_win.cc(99)] thread ID 16712 not found in process
[0119/112624.259:ERROR:process_reader_win.cc(123)] NtOpenThread: {Access Denied} A process has requested access to an object, but has not been granted those access rights. (0xc0000022)
[0119/112624.260:ERROR:exception_snapshot_win.cc(99)] thread ID 3428 not found in process
[0119/112624.334:ERROR:process_reader_win.cc(123)] NtOpenThread: {Access Denied} A process has requested access to an object, but has not been granted those access rights. (0xc0000022)
[0119/112624.334:ERROR:exception_snapshot_win.cc(99)] thread ID 9728 not found in process
[0119/113631.563:ERROR:directory_reader_win.cc(43)] FindFirstFile: The system cannot find the path specified. (0x3)
[0120/180322.097:ERROR:directory_reader_win.cc(43)] FindFirstFile: The system cannot find the path specified. (0x3)
[0120/180434.046:ERROR:directory_reader_win.cc(43)] FindFirstFile: The system cannot find the path specified. (0x3)
[0120/181745.454:ERROR:directory_reader_win.cc(43)] FindFirstFile: The system cannot find the path specified. (0x3)
[0120/182122.088:ERROR:directory_reader_win.cc(43)] FindFirstFile: The system cannot find the path specified. (0x3)
[0120/182152.611:ERROR:directory_reader_win.cc(43)] FindFirstFile: The system cannot find the path specified. (0x3)
[0120/191207.006:ERROR:directory_reader_win.cc(43)] FindFirstFile: The system cannot find the path specified. (0x3)
[0120/193307.042:ERROR:process_reader_win.cc(151)] SuspendThread: Access is denied. (0x5)
[0120/193307.040:ERROR:process_reader_win.cc(151)] SuspendThread: Access is denied. (0x5)
[0120/193307.044:ERROR:process_reader_win.cc(151)] SuspendThread: Access is denied. (0x5)
[0120/193307.044:ERROR:process_reader_win.cc(123)] NtOpenThread: {Access Denied} A process has requested access to an object, but has not been granted those access rights. (0xc0000022)
[0120/193307.044:ERROR:exception_snapshot_win.cc(99)] thread ID 5104 not found in process
[0120/193307.105:ERROR:process_reader_win.cc(123)] NtOpenThread: {Access Denied} A process has requested access to an object, but has not been granted those access rights. (0xc0000022)
[0120/193307.105:ERROR:exception_snapshot_win.cc(99)] thread ID 19044 not found in process
[0120/193307.142:ERROR:process_reader_win.cc(123)] NtOpenThread: {Access Denied} A process has requested access to an object, but has not been granted those access rights. (0xc0000022)
[0120/193307.142:ERROR:exception_snapshot_win.cc(99)] thread ID 19088 not found in process
[0120/193810.845:ERROR:process_reader_win.cc(123)] NtOpenThread: {Access Denied} A process has requested access to an object, but has not been granted those access rights. (0xc0000022)
[0120/193810.846:ERROR:exception_snapshot_win.cc(99)] thread ID 12868 not found in process
[0120/193810.906:ERROR:process_reader_win.cc(123)] NtOpenThread: {Access Denied} A process has requested access to an object, but has not been granted those access rights. (0xc0000022)
[0120/193810.906:ERROR:exception_snapshot_win.cc(99)] thread ID 6228 not found in process
[0123/152228.594:ERROR:process_reader_win.cc(151)] SuspendThread: Access is denied. (0x5)
[0123/152228.595:ERROR:process_reader_win.cc(151)] SuspendThread: Access is denied. (0x5)
[0123/152228.595:ERROR:process_reader_win.cc(123)] NtOpenThread: {Access Denied} A process has requested access to an object, but has not been granted those access rights. (0xc0000022)
[0123/152228.596:ERROR:exception_snapshot_win.cc(99)] thread ID 8488 not found in process
[0123/152228.596:ERROR:process_reader_win.cc(123)] NtOpenThread: {Access Denied} A process has requested access to an object, but has not been granted those access rights. (0xc0000022)
[0123/152228.596:ERROR:exception_snapshot_win.cc(99)] thread ID 10336 not found in process
[0123/152228.605:ERROR:process_reader_win.cc(123)] NtOpenThread: {Access Denied} A process has requested access to an object, but has not been granted those access rights. (0xc0000022)
[0123/152228.605:ERROR:exception_snapshot_win.cc(99)] thread ID 344 not found in process
[0123/152511.432:ERROR:process_reader_win.cc(123)] NtOpenThread: {Access Denied} A process has requested access to an object, but has not been granted those access rights. (0xc0000022)
[0123/152511.433:ERROR:exception_snapshot_win.cc(99)] thread ID 4220 not found in process
[0123/152511.442:ERROR:process_reader_win.cc(123)] NtOpenThread: {Access Denied} A process has requested access to an object, but has not been granted those access rights. (0xc0000022)
[0123/152511.442:ERROR:exception_snapshot_win.cc(99)] thread ID 11972 not found in process
[0124/160355.932:ERROR:process_reader_win.cc(123)] NtOpenThread: {Access Denied} A process has requested access to an object, but has not been granted those access rights. (0xc0000022)
[0124/160355.933:ERROR:exception_snapshot_win.cc(99)] thread ID 13024 not found in process
[0124/160355.950:ERROR:process_reader_win.cc(123)] NtOpenThread: {Access Denied} A process has requested access to an object, but has not been granted those access rights. (0xc0000022)
[0124/160355.950:ERROR:exception_snapshot_win.cc(99)] thread ID 2588 not found in process
[0124/160625.627:ERROR:process_reader_win.cc(123)] NtOpenThread: {Access Denied} A process has requested access to an object, but has not been granted those access rights. (0xc0000022)
[0124/160625.628:ERROR:exception_snapshot_win.cc(99)] thread ID 872 not found in process
[0124/160625.640:ERROR:process_reader_win.cc(123)] NtOpenThread: {Access Denied} A process has requested access to an object, but has not been granted those access rights. (0xc0000022)
[0124/160625.640:ERROR:exception_snapshot_win.cc(99)] thread ID 12688 not found in process
[0124/160810.993:ERROR:process_reader_win.cc(123)] NtOpenThread: {Access Denied} A process has requested access to an object, but has not been granted those access rights. (0xc0000022)
[0124/160810.994:ERROR:exception_snapshot_win.cc(99)] thread ID 3492 not found in process
[0124/160811.006:ERROR:process_reader_win.cc(123)] NtOpenThread: {Access Denied} A process has requested access to an object, but has not been granted those access rights. (0xc0000022)
[0124/160811.006:ERROR:exception_snapshot_win.cc(99)] thread ID 3108 not found in process
[0124/162928.480:ERROR:directory_reader_win.cc(43)] FindFirstFile: The system cannot find the path specified. (0x3)
